[08/18/2022 18:06:57] Debug: Session id: 64199819-5ff3-494c-84a3-76a6623d169f
[08/18/2022 18:06:57] Debug: Code Processor information: Name :SnowConvert, Version: 7.11.81.0
[08/18/2022 18:06:57] Debug: Getting license
[08/18/2022 18:06:57] Debug: License information
	Status: Failed
	Message: No active license available.
[08/18/2022 18:06:57] Info: Starting to validate parameters
[08/18/2022 18:06:57] Info: Parameters to validate: 
	Execution mode: Conversion
	LICENSE_KEY: a3372138-b87e-4a08-b929-3b48b24c63f1
[08/18/2022 18:06:57] Info: Validation of parameters: Success
[08/18/2022 18:06:57] Debug: Getting code descriptor
[08/18/2022 18:06:57] Debug: Code descriptor information
	Units: 51
	Units type: LOC
	All file bytes: 2141
	All found extensions: .sql,.dml,.ddl,.bteq,.btq,.fl,.fload,.ml,.mload,.mld,.tp,.tpump,.tpt
[08/18/2022 18:06:57] Debug: Calculating fingerprint
[08/18/2022 18:06:57] Debug: Fingerprint information Fingerprint(size=2141,projects=1)
[08/18/2022 18:06:57] Info: Starting to try to validate online license for execution
[08/18/2022 18:06:59] Debug: Getting license
[08/18/2022 18:06:59] Debug: License information
	Status: Failed
	Message: No active license available.
[08/18/2022 18:06:59] Debug: Starting the execution of the controller
[08/18/2022 18:07:00] Debug: Executing the worker: SnowConvert
[08/18/2022 18:07:21] Debug: Finished executing the worker: SnowConvert
[08/18/2022 18:07:23] Info: Controller execution ended
